2014/03/31 12:31:42 [error] [exception.CException] exception 'CException' with message 'Property "SiteController.XmlMgr" is not defined.' in C:\xampp\htdocs\yii-1.1.14\framework\base\CComponent.php:130
Stack trace:
#0 C:\xampp\htdocs\newtime\protected\controllers\SiteController.php(115): CComponent->__get('XmlMgr')
#1 C:\xampp\htdocs\yii-1.1.14\framework\web\actions\CInlineAction.php(49): SiteController->actionReadXml()
#2 C:\xampp\htdocs\yii-1.1.14\framework\web\CController.php(308): CInlineAction->runWithParams(Array)
#3 C:\xampp\htdocs\yii-1.1.14\framework\web\CController.php(286): CController->runAction(Object(CInlineAction))
#4 C:\xampp\htdocs\yii-1.1.14\framework\web\CController.php(265): CController->runActionWithFilters(Object(CInlineAction), Array)
#5 C:\xampp\htdocs\yii-1.1.14\framework\web\CWebApplication.php(282): CController->run('readxml')
#6 C:\xampp\htdocs\yii-1.1.14\framework\web\CWebApplication.php(141): CWebApplication->runController('site/readxml')
#7 C:\xampp\htdocs\yii-1.1.14\framework\base\CApplication.php(180): CWebApplication->processRequest()
#8 C:\xampp\htdocs\newtime\index.php(13): CApplication->run()
#9 {main}
REQUEST_URI=/newtime/index.php/site/readxml
---
2014/03/31 12:32:05 [error] [exception.CException] exception 'CException' with message 'Property "SiteController.Xml" is not defined.' in C:\xampp\htdocs\yii-1.1.14\framework\base\CComponent.php:130
Stack trace:
#0 C:\xampp\htdocs\newtime\protected\controllers\SiteController.php(115): CComponent->__get('Xml')
#1 C:\xampp\htdocs\yii-1.1.14\framework\web\actions\CInlineAction.php(49): SiteController->actionReadXml()
#2 C:\xampp\htdocs\yii-1.1.14\framework\web\CController.php(308): CInlineAction->runWithParams(Array)
#3 C:\xampp\htdocs\yii-1.1.14\framework\web\CController.php(286): CController->runAction(Object(CInlineAction))
#4 C:\xampp\htdocs\yii-1.1.14\framework\web\CController.php(265): CController->runActionWithFilters(Object(CInlineAction), Array)
#5 C:\xampp\htdocs\yii-1.1.14\framework\web\CWebApplication.php(282): CController->run('readxml')
#6 C:\xampp\htdocs\yii-1.1.14\framework\web\CWebApplication.php(141): CWebApplication->runController('site/readxml')
#7 C:\xampp\htdocs\yii-1.1.14\framework\base\CApplication.php(180): CWebApplication->processRequest()
#8 C:\xampp\htdocs\newtime\index.php(13): CApplication->run()
#9 {main}
REQUEST_URI=/newtime/index.php/site/readxml
---
2014/03/31 14:09:42 [error] [exception.CException] exception 'CException' with message 'Property "SiteController.Xml" is not defined.' in C:\xampp\htdocs\yii-1.1.14\framework\base\CComponent.php:130
Stack trace:
#0 C:\xampp\htdocs\newtime\protected\controllers\SiteController.php(116): CComponent->__get('Xml')
#1 C:\xampp\htdocs\yii-1.1.14\framework\web\actions\CInlineAction.php(49): SiteController->actionReadXml()
#2 C:\xampp\htdocs\yii-1.1.14\framework\web\CController.php(308): CInlineAction->runWithParams(Array)
#3 C:\xampp\htdocs\yii-1.1.14\framework\web\CController.php(286): CController->runAction(Object(CInlineAction))
#4 C:\xampp\htdocs\yii-1.1.14\framework\web\CController.php(265): CController->runActionWithFilters(Object(CInlineAction), Array)
#5 C:\xampp\htdocs\yii-1.1.14\framework\web\CWebApplication.php(282): CController->run('readxml')
#6 C:\xampp\htdocs\yii-1.1.14\framework\web\CWebApplication.php(141): CWebApplication->runController('site/readxml')
#7 C:\xampp\htdocs\yii-1.1.14\framework\base\CApplication.php(180): CWebApplication->processRequest()
#8 C:\xampp\htdocs\newtime\index.php(13): CApplication->run()
#9 {main}
REQUEST_URI=/newtime/index.php/site/readxml
---
2014/03/31 14:13:51 [error] [exception.CException] exception 'CException' with message 'Property "SiteController.Xml" is not defined.' in C:\xampp\htdocs\yii-1.1.14\framework\base\CComponent.php:130
Stack trace:
#0 C:\xampp\htdocs\newtime\protected\controllers\SiteController.php(116): CComponent->__get('Xml')
#1 C:\xampp\htdocs\yii-1.1.14\framework\web\actions\CInlineAction.php(49): SiteController->actionReadXml()
#2 C:\xampp\htdocs\yii-1.1.14\framework\web\CController.php(308): CInlineAction->runWithParams(Array)
#3 C:\xampp\htdocs\yii-1.1.14\framework\web\CController.php(286): CController->runAction(Object(CInlineAction))
#4 C:\xampp\htdocs\yii-1.1.14\framework\web\CController.php(265): CController->runActionWithFilters(Object(CInlineAction), Array)
#5 C:\xampp\htdocs\yii-1.1.14\framework\web\CWebApplication.php(282): CController->run('readxml')
#6 C:\xampp\htdocs\yii-1.1.14\framework\web\CWebApplication.php(141): CWebApplication->runController('site/readxml')
#7 C:\xampp\htdocs\yii-1.1.14\framework\base\CApplication.php(180): CWebApplication->processRequest()
#8 C:\xampp\htdocs\newtime\index.php(13): CApplication->run()
#9 {main}
REQUEST_URI=/newtime/index.php/site/readxml
---
2014/03/31 14:15:30 [error] [exception.CException] exception 'CException' with message 'Property "SiteController.Xml" is not defined.' in C:\xampp\htdocs\yii-1.1.14\framework\base\CComponent.php:130
Stack trace:
#0 C:\xampp\htdocs\newtime\protected\controllers\SiteController.php(116): CComponent->__get('Xml')
#1 C:\xampp\htdocs\yii-1.1.14\framework\web\actions\CInlineAction.php(49): SiteController->actionReadXml()
#2 C:\xampp\htdocs\yii-1.1.14\framework\web\CController.php(308): CInlineAction->runWithParams(Array)
#3 C:\xampp\htdocs\yii-1.1.14\framework\web\CController.php(286): CController->runAction(Object(CInlineAction))
#4 C:\xampp\htdocs\yii-1.1.14\framework\web\CController.php(265): CController->runActionWithFilters(Object(CInlineAction), Array)
#5 C:\xampp\htdocs\yii-1.1.14\framework\web\CWebApplication.php(282): CController->run('readxml')
#6 C:\xampp\htdocs\yii-1.1.14\framework\web\CWebApplication.php(141): CWebApplication->runController('site/readxml')
#7 C:\xampp\htdocs\yii-1.1.14\framework\base\CApplication.php(180): CWebApplication->processRequest()
#8 C:\xampp\htdocs\newtime\index.php(13): CApplication->run()
#9 {main}
REQUEST_URI=/newtime/index.php/site/readxml
---
2014/03/31 15:22:24 [error] [exception.CException] exception 'CException' with message 'Property "SiteController.xml" is not defined.' in C:\xampp\htdocs\yii-1.1.14\framework\base\CComponent.php:130
Stack trace:
#0 C:\xampp\htdocs\newtime\protected\controllers\SiteController.php(116): CComponent->__get('xml')
#1 C:\xampp\htdocs\yii-1.1.14\framework\web\actions\CInlineAction.php(49): SiteController->actionReadXml()
#2 C:\xampp\htdocs\yii-1.1.14\framework\web\CController.php(308): CInlineAction->runWithParams(Array)
#3 C:\xampp\htdocs\yii-1.1.14\framework\web\CController.php(286): CController->runAction(Object(CInlineAction))
#4 C:\xampp\htdocs\yii-1.1.14\framework\web\CController.php(265): CController->runActionWithFilters(Object(CInlineAction), Array)
#5 C:\xampp\htdocs\yii-1.1.14\framework\web\CWebApplication.php(282): CController->run('readxml')
#6 C:\xampp\htdocs\yii-1.1.14\framework\web\CWebApplication.php(141): CWebApplication->runController('site/readxml')
#7 C:\xampp\htdocs\yii-1.1.14\framework\base\CApplication.php(180): CWebApplication->processRequest()
#8 C:\xampp\htdocs\newtime\index.php(13): CApplication->run()
#9 {main}
REQUEST_URI=/newtime/index.php/site/readxml
---
2014/03/31 15:23:36 [error] [php] include(XmlMgrComponent.php) [<a href='function.include'>function.include</a>]: failed to open stream: No such file or directory (C:\xampp\htdocs\yii-1.1.14\framework\YiiBase.php:427)
Stack trace:
#0 C:\xampp\htdocs\yii-1.1.14\framework\YiiBase.php(196): import()
#1 C:\xampp\htdocs\yii-1.1.14\framework\base\CModule.php(386): createComponent()
#2 C:\xampp\htdocs\yii-1.1.14\framework\base\CModule.php(103): CWebApplication->getComponent()
#3 C:\xampp\htdocs\newtime\protected\controllers\SiteController.php(116): CWebApplication->__get()
#4 C:\xampp\htdocs\yii-1.1.14\framework\web\actions\CInlineAction.php(49): SiteController->actionReadXml()
#5 C:\xampp\htdocs\yii-1.1.14\framework\web\CController.php(308): CInlineAction->runWithParams()
#6 C:\xampp\htdocs\yii-1.1.14\framework\web\CController.php(286): SiteController->runAction()
#7 C:\xampp\htdocs\yii-1.1.14\framework\web\CController.php(265): SiteController->runActionWithFilters()
#8 C:\xampp\htdocs\yii-1.1.14\framework\web\CWebApplication.php(282): SiteController->run()
#9 C:\xampp\htdocs\yii-1.1.14\framework\web\CWebApplication.php(141): CWebApplication->runController()
#10 C:\xampp\htdocs\yii-1.1.14\framework\base\CApplication.php(180): CWebApplication->processRequest()
#11 C:\xampp\htdocs\newtime\index.php(13): CWebApplication->run()
REQUEST_URI=/newtime/index.php/site/readxml
in C:\xampp\htdocs\newtime\protected\controllers\SiteController.php (116)
in C:\xampp\htdocs\newtime\index.php (13)
2014/03/31 15:24:51 [error] [php] file_exists() [<a href='function.file-exists'>function.file-exists</a>]: Unable to find the wrapper &quot;CONFIGShttp&quot; - did you forget to enable it when you configured PHP? (C:\xampp\htdocs\newtime\protected\components\XmlMgrComponent.php:6)
Stack trace:
#0 C:\xampp\htdocs\yii-1.1.14\framework\web\actions\CInlineAction.php(49): SiteController->actionReadXml()
#1 C:\xampp\htdocs\yii-1.1.14\framework\web\CController.php(308): CInlineAction->runWithParams()
#2 C:\xampp\htdocs\yii-1.1.14\framework\web\CController.php(286): SiteController->runAction()
#3 C:\xampp\htdocs\yii-1.1.14\framework\web\CController.php(265): SiteController->runActionWithFilters()
#4 C:\xampp\htdocs\yii-1.1.14\framework\web\CWebApplication.php(282): SiteController->run()
#5 C:\xampp\htdocs\yii-1.1.14\framework\web\CWebApplication.php(141): CWebApplication->runController()
#6 C:\xampp\htdocs\yii-1.1.14\framework\base\CApplication.php(180): CWebApplication->processRequest()
#7 C:\xampp\htdocs\newtime\index.php(13): CWebApplication->run()
REQUEST_URI=/newtime/index.php/site/readxml
in C:\xampp\htdocs\newtime\protected\components\XmlMgrComponent.php (6)
in C:\xampp\htdocs\newtime\protected\controllers\SiteController.php (116)
in C:\xampp\htdocs\newtime\index.php (13)
2014/03/31 16:01:20 [error] [exception.CException] exception 'CException' with message 'Property "CWebApplication.Xml" is not defined.' in C:\xampp\htdocs\yii-1.1.14\framework\base\CComponent.php:130
Stack trace:
#0 C:\xampp\htdocs\yii-1.1.14\framework\base\CModule.php(105): CComponent->__get('Xml')
#1 C:\xampp\htdocs\newtime\protected\controllers\SiteController.php(117): CModule->__get('Xml')
#2 C:\xampp\htdocs\yii-1.1.14\framework\web\actions\CInlineAction.php(49): SiteController->actionReadXml()
#3 C:\xampp\htdocs\yii-1.1.14\framework\web\CController.php(308): CInlineAction->runWithParams(Array)
#4 C:\xampp\htdocs\yii-1.1.14\framework\web\CController.php(286): CController->runAction(Object(CInlineAction))
#5 C:\xampp\htdocs\yii-1.1.14\framework\web\CController.php(265): CController->runActionWithFilters(Object(CInlineAction), Array)
#6 C:\xampp\htdocs\yii-1.1.14\framework\web\CWebApplication.php(282): CController->run('readxml')
#7 C:\xampp\htdocs\yii-1.1.14\framework\web\CWebApplication.php(141): CWebApplication->runController('site/readxml')
#8 C:\xampp\htdocs\yii-1.1.14\framework\base\CApplication.php(180): CWebApplication->processRequest()
#9 C:\xampp\htdocs\newtime\index.php(13): CApplication->run()
#10 {main}
REQUEST_URI=/newtime/index.php/site/readxml
---
2014/03/31 16:16:49 [error] [php] simplexml_load_string() [<a href='function.simplexml-load-string'>function.simplexml-load-string</a>]: namespace error : Namespace prefix slash on comments is not defined (C:\xampp\htdocs\newtime\protected\components\XmlMgrComponent.php:23)
Stack trace:
#0 C:\xampp\htdocs\yii-1.1.14\framework\web\actions\CInlineAction.php(49): SiteController->actionReadXml()
#1 C:\xampp\htdocs\yii-1.1.14\framework\web\CController.php(308): CInlineAction->runWithParams()
#2 C:\xampp\htdocs\yii-1.1.14\framework\web\CController.php(286): SiteController->runAction()
#3 C:\xampp\htdocs\yii-1.1.14\framework\web\CController.php(265): SiteController->runActionWithFilters()
#4 C:\xampp\htdocs\yii-1.1.14\framework\web\CWebApplication.php(282): SiteController->run()
#5 C:\xampp\htdocs\yii-1.1.14\framework\web\CWebApplication.php(141): CWebApplication->runController()
#6 C:\xampp\htdocs\yii-1.1.14\framework\base\CApplication.php(180): CWebApplication->processRequest()
#7 C:\xampp\htdocs\newtime\index.php(13): CWebApplication->run()
REQUEST_URI=/newtime/index.php/site/readxml
in C:\xampp\htdocs\newtime\protected\components\XmlMgrComponent.php (23)
in C:\xampp\htdocs\newtime\protected\controllers\SiteController.php (117)
in C:\xampp\htdocs\newtime\index.php (13)
2014/04/01 11:01:22 [error] [php] simplexml_load_string() [<a href='function.simplexml-load-string'>function.simplexml-load-string</a>]: namespace error : Namespace prefix slash on comments is not defined (C:\xampp\htdocs\newtime\protected\components\XmlMgrComponent.php:23)
Stack trace:
#0 C:\xampp\htdocs\yii-1.1.14\framework\web\actions\CInlineAction.php(49): SiteController->actionReadXml()
#1 C:\xampp\htdocs\yii-1.1.14\framework\web\CController.php(308): CInlineAction->runWithParams()
#2 C:\xampp\htdocs\yii-1.1.14\framework\web\CController.php(286): SiteController->runAction()
#3 C:\xampp\htdocs\yii-1.1.14\framework\web\CController.php(265): SiteController->runActionWithFilters()
#4 C:\xampp\htdocs\yii-1.1.14\framework\web\CWebApplication.php(282): SiteController->run()
#5 C:\xampp\htdocs\yii-1.1.14\framework\web\CWebApplication.php(141): CWebApplication->runController()
#6 C:\xampp\htdocs\yii-1.1.14\framework\base\CApplication.php(180): CWebApplication->processRequest()
#7 C:\xampp\htdocs\newtime\index.php(13): CWebApplication->run()
REQUEST_URI=/newtime/index.php/site/readxml
in C:\xampp\htdocs\newtime\protected\components\XmlMgrComponent.php (23)
in C:\xampp\htdocs\newtime\protected\controllers\SiteController.php (118)
in C:\xampp\htdocs\newtime\index.php (13)
2014/04/01 11:10:36 [error] [php] simplexml_load_string() [<a href='function.simplexml-load-string'>function.simplexml-load-string</a>]: namespace error : Namespace prefix slash on comments is not defined (C:\xampp\htdocs\newtime\protected\components\XmlMgrComponent.php:23)
Stack trace:
#0 C:\xampp\htdocs\yii-1.1.14\framework\web\actions\CInlineAction.php(49): SiteController->actionReadXml()
#1 C:\xampp\htdocs\yii-1.1.14\framework\web\CController.php(308): CInlineAction->runWithParams()
#2 C:\xampp\htdocs\yii-1.1.14\framework\web\CController.php(286): SiteController->runAction()
#3 C:\xampp\htdocs\yii-1.1.14\framework\web\CController.php(265): SiteController->runActionWithFilters()
#4 C:\xampp\htdocs\yii-1.1.14\framework\web\CWebApplication.php(282): SiteController->run()
#5 C:\xampp\htdocs\yii-1.1.14\framework\web\CWebApplication.php(141): CWebApplication->runController()
#6 C:\xampp\htdocs\yii-1.1.14\framework\base\CApplication.php(180): CWebApplication->processRequest()
#7 C:\xampp\htdocs\newtime\index.php(13): CWebApplication->run()
REQUEST_URI=/newtime/index.php/site/readxml
in C:\xampp\htdocs\newtime\protected\components\XmlMgrComponent.php (23)
in C:\xampp\htdocs\newtime\protected\controllers\SiteController.php (118)
in C:\xampp\htdocs\newtime\index.php (13)
2014/04/01 11:11:10 [error] [php] simplexml_load_string() [<a href='function.simplexml-load-string'>function.simplexml-load-string</a>]: namespace error : Namespace prefix slash on comments is not defined (C:\xampp\htdocs\newtime\protected\components\XmlMgrComponent.php:23)
Stack trace:
#0 C:\xampp\htdocs\yii-1.1.14\framework\web\actions\CInlineAction.php(49): SiteController->actionReadXml()
#1 C:\xampp\htdocs\yii-1.1.14\framework\web\CController.php(308): CInlineAction->runWithParams()
#2 C:\xampp\htdocs\yii-1.1.14\framework\web\CController.php(286): SiteController->runAction()
#3 C:\xampp\htdocs\yii-1.1.14\framework\web\CController.php(265): SiteController->runActionWithFilters()
#4 C:\xampp\htdocs\yii-1.1.14\framework\web\CWebApplication.php(282): SiteController->run()
#5 C:\xampp\htdocs\yii-1.1.14\framework\web\CWebApplication.php(141): CWebApplication->runController()
#6 C:\xampp\htdocs\yii-1.1.14\framework\base\CApplication.php(180): CWebApplication->processRequest()
#7 C:\xampp\htdocs\newtime\index.php(13): CWebApplication->run()
REQUEST_URI=/newtime/index.php/site/readxml
in C:\xampp\htdocs\newtime\protected\components\XmlMgrComponent.php (23)
in C:\xampp\htdocs\newtime\protected\controllers\SiteController.php (118)
in C:\xampp\htdocs\newtime\index.php (13)
2014/04/01 11:12:21 [error] [php] Missing argument 1 for CController::__construct(), called in C:\xampp\htdocs\yii-1.1.14\framework\YiiBase.php on line 217 and defined (C:\xampp\htdocs\yii-1.1.14\framework\web\CController.php:110)
Stack trace:
#0 C:\xampp\htdocs\yii-1.1.14\framework\base\CModule.php(103): CWebApplication->getComponent()
#1 C:\xampp\htdocs\newtime\protected\controllers\SiteController.php(116): CWebApplication->__get()
#2 C:\xampp\htdocs\yii-1.1.14\framework\web\actions\CInlineAction.php(49): SiteController->actionReadXml()
#3 C:\xampp\htdocs\yii-1.1.14\framework\web\CController.php(308): CInlineAction->runWithParams()
#4 C:\xampp\htdocs\yii-1.1.14\framework\web\CController.php(286): SiteController->runAction()
#5 C:\xampp\htdocs\yii-1.1.14\framework\web\CController.php(265): SiteController->runActionWithFilters()
#6 C:\xampp\htdocs\yii-1.1.14\framework\web\CWebApplication.php(282): SiteController->run()
#7 C:\xampp\htdocs\yii-1.1.14\framework\web\CWebApplication.php(141): CWebApplication->runController()
#8 C:\xampp\htdocs\yii-1.1.14\framework\base\CApplication.php(180): CWebApplication->processRequest()
#9 C:\xampp\htdocs\newtime\index.php(13): CWebApplication->run()
REQUEST_URI=/newtime/index.php/site/readxml
in C:\xampp\htdocs\newtime\protected\controllers\SiteController.php (116)
in C:\xampp\htdocs\newtime\index.php (13)
2014/04/01 11:13:00 [error] [php] simplexml_load_string() [<a href='function.simplexml-load-string'>function.simplexml-load-string</a>]: namespace error : Namespace prefix slash on comments is not defined (C:\xampp\htdocs\newtime\protected\components\XmlMgrComponent.php:23)
Stack trace:
#0 C:\xampp\htdocs\yii-1.1.14\framework\web\actions\CInlineAction.php(49): SiteController->actionReadXml()
#1 C:\xampp\htdocs\yii-1.1.14\framework\web\CController.php(308): CInlineAction->runWithParams()
#2 C:\xampp\htdocs\yii-1.1.14\framework\web\CController.php(286): SiteController->runAction()
#3 C:\xampp\htdocs\yii-1.1.14\framework\web\CController.php(265): SiteController->runActionWithFilters()
#4 C:\xampp\htdocs\yii-1.1.14\framework\web\CWebApplication.php(282): SiteController->run()
#5 C:\xampp\htdocs\yii-1.1.14\framework\web\CWebApplication.php(141): CWebApplication->runController()
#6 C:\xampp\htdocs\yii-1.1.14\framework\base\CApplication.php(180): CWebApplication->processRequest()
#7 C:\xampp\htdocs\newtime\index.php(13): CWebApplication->run()
REQUEST_URI=/newtime/index.php/site/readxml
in C:\xampp\htdocs\newtime\protected\components\XmlMgrComponent.php (23)
in C:\xampp\htdocs\newtime\protected\controllers\SiteController.php (118)
in C:\xampp\htdocs\newtime\index.php (13)
2014/04/01 11:13:24 [error] [php] simplexml_load_string() [<a href='function.simplexml-load-string'>function.simplexml-load-string</a>]: namespace error : Namespace prefix slash on comments is not defined (C:\xampp\htdocs\newtime\protected\components\XmlMgrComponent.php:23)
Stack trace:
#0 C:\xampp\htdocs\yii-1.1.14\framework\web\actions\CInlineAction.php(49): SiteController->actionReadXml()
#1 C:\xampp\htdocs\yii-1.1.14\framework\web\CController.php(308): CInlineAction->runWithParams()
#2 C:\xampp\htdocs\yii-1.1.14\framework\web\CController.php(286): SiteController->runAction()
#3 C:\xampp\htdocs\yii-1.1.14\framework\web\CController.php(265): SiteController->runActionWithFilters()
#4 C:\xampp\htdocs\yii-1.1.14\framework\web\CWebApplication.php(282): SiteController->run()
#5 C:\xampp\htdocs\yii-1.1.14\framework\web\CWebApplication.php(141): CWebApplication->runController()
#6 C:\xampp\htdocs\yii-1.1.14\framework\base\CApplication.php(180): CWebApplication->processRequest()
#7 C:\xampp\htdocs\newtime\index.php(13): CWebApplication->run()
REQUEST_URI=/newtime/index.php/site/readxml
in C:\xampp\htdocs\newtime\protected\components\XmlMgrComponent.php (23)
in C:\xampp\htdocs\newtime\protected\controllers\SiteController.php (118)
in C:\xampp\htdocs\newtime\index.php (13)
2014/04/01 11:14:24 [error] [php] simplexml_load_string() [<a href='function.simplexml-load-string'>function.simplexml-load-string</a>]: namespace error : Namespace prefix slash on comments is not defined (C:\xampp\htdocs\newtime\protected\controllers\SiteController.php:119)
Stack trace:
#0 C:\xampp\htdocs\yii-1.1.14\framework\web\CController.php(308): CInlineAction->runWithParams()
#1 C:\xampp\htdocs\yii-1.1.14\framework\web\CController.php(286): SiteController->runAction()
#2 C:\xampp\htdocs\yii-1.1.14\framework\web\CController.php(265): SiteController->runActionWithFilters()
#3 C:\xampp\htdocs\yii-1.1.14\framework\web\CWebApplication.php(282): SiteController->run()
#4 C:\xampp\htdocs\yii-1.1.14\framework\web\CWebApplication.php(141): CWebApplication->runController()
#5 C:\xampp\htdocs\yii-1.1.14\framework\base\CApplication.php(180): CWebApplication->processRequest()
#6 C:\xampp\htdocs\newtime\index.php(13): CWebApplication->run()
REQUEST_URI=/newtime/index.php/site/readxml
in C:\xampp\htdocs\newtime\protected\controllers\SiteController.php (119)
in C:\xampp\htdocs\newtime\index.php (13)
2014/04/01 11:14:57 [error] [php] simplexml_load_string() [<a href='function.simplexml-load-string'>function.simplexml-load-string</a>]: namespace error : Namespace prefix slash on comments is not defined (C:\xampp\htdocs\newtime\protected\controllers\SiteController.php:119)
Stack trace:
#0 C:\xampp\htdocs\yii-1.1.14\framework\web\CController.php(308): CInlineAction->runWithParams()
#1 C:\xampp\htdocs\yii-1.1.14\framework\web\CController.php(286): SiteController->runAction()
#2 C:\xampp\htdocs\yii-1.1.14\framework\web\CController.php(265): SiteController->runActionWithFilters()
#3 C:\xampp\htdocs\yii-1.1.14\framework\web\CWebApplication.php(282): SiteController->run()
#4 C:\xampp\htdocs\yii-1.1.14\framework\web\CWebApplication.php(141): CWebApplication->runController()
#5 C:\xampp\htdocs\yii-1.1.14\framework\base\CApplication.php(180): CWebApplication->processRequest()
#6 C:\xampp\htdocs\newtime\index.php(13): CWebApplication->run()
REQUEST_URI=/newtime/index.php/site/readxml
in C:\xampp\htdocs\newtime\protected\controllers\SiteController.php (119)
in C:\xampp\htdocs\newtime\index.php (13)
2014/04/01 11:25:42 [error] [php] simplexml_load_string() [<a href='function.simplexml-load-string'>function.simplexml-load-string</a>]: namespace error : Namespace prefix slash on comments is not defined (C:\xampp\htdocs\newtime\protected\controllers\SiteController.php:126)
Stack trace:
#0 C:\xampp\htdocs\yii-1.1.14\framework\web\CController.php(308): CInlineAction->runWithParams()
#1 C:\xampp\htdocs\yii-1.1.14\framework\web\CController.php(286): SiteController->runAction()
#2 C:\xampp\htdocs\yii-1.1.14\framework\web\CController.php(265): SiteController->runActionWithFilters()
#3 C:\xampp\htdocs\yii-1.1.14\framework\web\CWebApplication.php(282): SiteController->run()
#4 C:\xampp\htdocs\yii-1.1.14\framework\web\CWebApplication.php(141): CWebApplication->runController()
#5 C:\xampp\htdocs\yii-1.1.14\framework\base\CApplication.php(180): CWebApplication->processRequest()
#6 C:\xampp\htdocs\newtime\index.php(13): CWebApplication->run()
REQUEST_URI=/newtime/index.php/site/readxml
in C:\xampp\htdocs\newtime\protected\controllers\SiteController.php (126)
in C:\xampp\htdocs\newtime\index.php (13)
2014/04/01 11:26:34 [error] [php] simplexml_load_string() [<a href='function.simplexml-load-string'>function.simplexml-load-string</a>]: namespace error : Namespace prefix slash on comments is not defined (C:\xampp\htdocs\newtime\protected\controllers\SiteController.php:126)
Stack trace:
#0 C:\xampp\htdocs\yii-1.1.14\framework\web\CController.php(308): CInlineAction->runWithParams()
#1 C:\xampp\htdocs\yii-1.1.14\framework\web\CController.php(286): SiteController->runAction()
#2 C:\xampp\htdocs\yii-1.1.14\framework\web\CController.php(265): SiteController->runActionWithFilters()
#3 C:\xampp\htdocs\yii-1.1.14\framework\web\CWebApplication.php(282): SiteController->run()
#4 C:\xampp\htdocs\yii-1.1.14\framework\web\CWebApplication.php(141): CWebApplication->runController()
#5 C:\xampp\htdocs\yii-1.1.14\framework\base\CApplication.php(180): CWebApplication->processRequest()
#6 C:\xampp\htdocs\newtime\index.php(13): CWebApplication->run()
REQUEST_URI=/newtime/index.php/site/readxml
in C:\xampp\htdocs\newtime\protected\controllers\SiteController.php (126)
in C:\xampp\htdocs\newtime\index.php (13)
2014/04/01 11:26:57 [error] [php] simplexml_load_string() [<a href='function.simplexml-load-string'>function.simplexml-load-string</a>]: namespace error : Namespace prefix slash on comments is not defined (C:\xampp\htdocs\newtime\protected\controllers\SiteController.php:126)
Stack trace:
#0 C:\xampp\htdocs\yii-1.1.14\framework\web\CController.php(308): CInlineAction->runWithParams()
#1 C:\xampp\htdocs\yii-1.1.14\framework\web\CController.php(286): SiteController->runAction()
#2 C:\xampp\htdocs\yii-1.1.14\framework\web\CController.php(265): SiteController->runActionWithFilters()
#3 C:\xampp\htdocs\yii-1.1.14\framework\web\CWebApplication.php(282): SiteController->run()
#4 C:\xampp\htdocs\yii-1.1.14\framework\web\CWebApplication.php(141): CWebApplication->runController()
#5 C:\xampp\htdocs\yii-1.1.14\framework\base\CApplication.php(180): CWebApplication->processRequest()
#6 C:\xampp\htdocs\newtime\index.php(13): CWebApplication->run()
REQUEST_URI=/newtime/index.php/site/readxml
in C:\xampp\htdocs\newtime\protected\controllers\SiteController.php (126)
in C:\xampp\htdocs\newtime\index.php (13)
2014/04/01 11:27:00 [error] [php] simplexml_load_string() [<a href='function.simplexml-load-string'>function.simplexml-load-string</a>]: namespace error : Namespace prefix slash on comments is not defined (C:\xampp\htdocs\newtime\protected\controllers\SiteController.php:126)
Stack trace:
#0 C:\xampp\htdocs\yii-1.1.14\framework\web\CController.php(308): CInlineAction->runWithParams()
#1 C:\xampp\htdocs\yii-1.1.14\framework\web\CController.php(286): SiteController->runAction()
#2 C:\xampp\htdocs\yii-1.1.14\framework\web\CController.php(265): SiteController->runActionWithFilters()
#3 C:\xampp\htdocs\yii-1.1.14\framework\web\CWebApplication.php(282): SiteController->run()
#4 C:\xampp\htdocs\yii-1.1.14\framework\web\CWebApplication.php(141): CWebApplication->runController()
#5 C:\xampp\htdocs\yii-1.1.14\framework\base\CApplication.php(180): CWebApplication->processRequest()
#6 C:\xampp\htdocs\newtime\index.php(13): CWebApplication->run()
REQUEST_URI=/newtime/index.php/site/readxml
in C:\xampp\htdocs\newtime\protected\controllers\SiteController.php (126)
in C:\xampp\htdocs\newtime\index.php (13)
2014/04/01 11:28:30 [error] [php] simplexml_load_string() [<a href='function.simplexml-load-string'>function.simplexml-load-string</a>]: Entity: line 26: parser error : Premature end of data in tag channel line 5 (C:\xampp\htdocs\newtime\protected\controllers\SiteController.php:126)
Stack trace:
#0 C:\xampp\htdocs\yii-1.1.14\framework\web\CController.php(308): CInlineAction->runWithParams()
#1 C:\xampp\htdocs\yii-1.1.14\framework\web\CController.php(286): SiteController->runAction()
#2 C:\xampp\htdocs\yii-1.1.14\framework\web\CController.php(265): SiteController->runActionWithFilters()
#3 C:\xampp\htdocs\yii-1.1.14\framework\web\CWebApplication.php(282): SiteController->run()
#4 C:\xampp\htdocs\yii-1.1.14\framework\web\CWebApplication.php(141): CWebApplication->runController()
#5 C:\xampp\htdocs\yii-1.1.14\framework\base\CApplication.php(180): CWebApplication->processRequest()
#6 C:\xampp\htdocs\newtime\index.php(13): CWebApplication->run()
REQUEST_URI=/newtime/index.php/site/readxml
in C:\xampp\htdocs\newtime\protected\controllers\SiteController.php (126)
in C:\xampp\htdocs\newtime\index.php (13)
2014/04/01 11:28:47 [error] [php] simplexml_load_string() [<a href='function.simplexml-load-string'>function.simplexml-load-string</a>]: Entity: line 22: parser error : Premature end of data in tag channel line 3 (C:\xampp\htdocs\newtime\protected\controllers\SiteController.php:126)
Stack trace:
#0 C:\xampp\htdocs\yii-1.1.14\framework\web\CController.php(308): CInlineAction->runWithParams()
#1 C:\xampp\htdocs\yii-1.1.14\framework\web\CController.php(286): SiteController->runAction()
#2 C:\xampp\htdocs\yii-1.1.14\framework\web\CController.php(265): SiteController->runActionWithFilters()
#3 C:\xampp\htdocs\yii-1.1.14\framework\web\CWebApplication.php(282): SiteController->run()
#4 C:\xampp\htdocs\yii-1.1.14\framework\web\CWebApplication.php(141): CWebApplication->runController()
#5 C:\xampp\htdocs\yii-1.1.14\framework\base\CApplication.php(180): CWebApplication->processRequest()
#6 C:\xampp\htdocs\newtime\index.php(13): CWebApplication->run()
REQUEST_URI=/newtime/index.php/site/readxml
in C:\xampp\htdocs\newtime\protected\controllers\SiteController.php (126)
in C:\xampp\htdocs\newtime\index.php (13)
2014/04/01 11:29:28 [error] [php] simplexml_load_string() [<a href='function.simplexml-load-string'>function.simplexml-load-string</a>]: Entity: line 3: parser error : Extra content at the end of the document (C:\xampp\htdocs\newtime\protected\controllers\SiteController.php:126)
Stack trace:
#0 C:\xampp\htdocs\yii-1.1.14\framework\web\CController.php(308): CInlineAction->runWithParams()
#1 C:\xampp\htdocs\yii-1.1.14\framework\web\CController.php(286): SiteController->runAction()
#2 C:\xampp\htdocs\yii-1.1.14\framework\web\CController.php(265): SiteController->runActionWithFilters()
#3 C:\xampp\htdocs\yii-1.1.14\framework\web\CWebApplication.php(282): SiteController->run()
#4 C:\xampp\htdocs\yii-1.1.14\framework\web\CWebApplication.php(141): CWebApplication->runController()
#5 C:\xampp\htdocs\yii-1.1.14\framework\base\CApplication.php(180): CWebApplication->processRequest()
#6 C:\xampp\htdocs\newtime\index.php(13): CWebApplication->run()
REQUEST_URI=/newtime/index.php/site/readxml
in C:\xampp\htdocs\newtime\protected\controllers\SiteController.php (126)
in C:\xampp\htdocs\newtime\index.php (13)
2014/04/01 11:29:31 [error] [php] simplexml_load_string() [<a href='function.simplexml-load-string'>function.simplexml-load-string</a>]: Entity: line 3: parser error : Extra content at the end of the document (C:\xampp\htdocs\newtime\protected\controllers\SiteController.php:126)
Stack trace:
#0 C:\xampp\htdocs\yii-1.1.14\framework\web\CController.php(308): CInlineAction->runWithParams()
#1 C:\xampp\htdocs\yii-1.1.14\framework\web\CController.php(286): SiteController->runAction()
#2 C:\xampp\htdocs\yii-1.1.14\framework\web\CController.php(265): SiteController->runActionWithFilters()
#3 C:\xampp\htdocs\yii-1.1.14\framework\web\CWebApplication.php(282): SiteController->run()
#4 C:\xampp\htdocs\yii-1.1.14\framework\web\CWebApplication.php(141): CWebApplication->runController()
#5 C:\xampp\htdocs\yii-1.1.14\framework\base\CApplication.php(180): CWebApplication->processRequest()
#6 C:\xampp\htdocs\newtime\index.php(13): CWebApplication->run()
REQUEST_URI=/newtime/index.php/site/readxml
in C:\xampp\htdocs\newtime\protected\controllers\SiteController.php (126)
in C:\xampp\htdocs\newtime\index.php (13)
2014/04/01 11:29:37 [error] [php] simplexml_load_string() [<a href='function.simplexml-load-string'>function.simplexml-load-string</a>]: Entity: line 2: parser error : Extra content at the end of the document (C:\xampp\htdocs\newtime\protected\controllers\SiteController.php:126)
Stack trace:
#0 C:\xampp\htdocs\yii-1.1.14\framework\web\CController.php(308): CInlineAction->runWithParams()
#1 C:\xampp\htdocs\yii-1.1.14\framework\web\CController.php(286): SiteController->runAction()
#2 C:\xampp\htdocs\yii-1.1.14\framework\web\CController.php(265): SiteController->runActionWithFilters()
#3 C:\xampp\htdocs\yii-1.1.14\framework\web\CWebApplication.php(282): SiteController->run()
#4 C:\xampp\htdocs\yii-1.1.14\framework\web\CWebApplication.php(141): CWebApplication->runController()
#5 C:\xampp\htdocs\yii-1.1.14\framework\base\CApplication.php(180): CWebApplication->processRequest()
#6 C:\xampp\htdocs\newtime\index.php(13): CWebApplication->run()
REQUEST_URI=/newtime/index.php/site/readxml
in C:\xampp\htdocs\newtime\protected\controllers\SiteController.php (126)
in C:\xampp\htdocs\newtime\index.php (13)
2014/04/01 11:29:39 [error] [php] simplexml_load_string() [<a href='function.simplexml-load-string'>function.simplexml-load-string</a>]: Entity: line 2: parser error : Extra content at the end of the document (C:\xampp\htdocs\newtime\protected\controllers\SiteController.php:126)
Stack trace:
#0 C:\xampp\htdocs\yii-1.1.14\framework\web\CController.php(308): CInlineAction->runWithParams()
#1 C:\xampp\htdocs\yii-1.1.14\framework\web\CController.php(286): SiteController->runAction()
#2 C:\xampp\htdocs\yii-1.1.14\framework\web\CController.php(265): SiteController->runActionWithFilters()
#3 C:\xampp\htdocs\yii-1.1.14\framework\web\CWebApplication.php(282): SiteController->run()
#4 C:\xampp\htdocs\yii-1.1.14\framework\web\CWebApplication.php(141): CWebApplication->runController()
#5 C:\xampp\htdocs\yii-1.1.14\framework\base\CApplication.php(180): CWebApplication->processRequest()
#6 C:\xampp\htdocs\newtime\index.php(13): CWebApplication->run()
REQUEST_URI=/newtime/index.php/site/readxml
in C:\xampp\htdocs\newtime\protected\controllers\SiteController.php (126)
in C:\xampp\htdocs\newtime\index.php (13)
2014/04/01 11:30:11 [error] [php] simplexml_load_string() [<a href='function.simplexml-load-string'>function.simplexml-load-string</a>]: Entity: line 15: parser error : Extra content at the end of the document (C:\xampp\htdocs\newtime\protected\controllers\SiteController.php:126)
Stack trace:
#0 C:\xampp\htdocs\yii-1.1.14\framework\web\CController.php(308): CInlineAction->runWithParams()
#1 C:\xampp\htdocs\yii-1.1.14\framework\web\CController.php(286): SiteController->runAction()
#2 C:\xampp\htdocs\yii-1.1.14\framework\web\CController.php(265): SiteController->runActionWithFilters()
#3 C:\xampp\htdocs\yii-1.1.14\framework\web\CWebApplication.php(282): SiteController->run()
#4 C:\xampp\htdocs\yii-1.1.14\framework\web\CWebApplication.php(141): CWebApplication->runController()
#5 C:\xampp\htdocs\yii-1.1.14\framework\base\CApplication.php(180): CWebApplication->processRequest()
#6 C:\xampp\htdocs\newtime\index.php(13): CWebApplication->run()
REQUEST_URI=/newtime/index.php/site/readxml
in C:\xampp\htdocs\newtime\protected\controllers\SiteController.php (126)
in C:\xampp\htdocs\newtime\index.php (13)
2014/04/01 11:31:01 [error] [php] simplexml_load_string() [<a href='function.simplexml-load-string'>function.simplexml-load-string</a>]: Entity: line 15: parser error : Extra content at the end of the document (C:\xampp\htdocs\newtime\protected\controllers\SiteController.php:126)
Stack trace:
#0 C:\xampp\htdocs\yii-1.1.14\framework\web\CController.php(308): CInlineAction->runWithParams()
#1 C:\xampp\htdocs\yii-1.1.14\framework\web\CController.php(286): SiteController->runAction()
#2 C:\xampp\htdocs\yii-1.1.14\framework\web\CController.php(265): SiteController->runActionWithFilters()
#3 C:\xampp\htdocs\yii-1.1.14\framework\web\CWebApplication.php(282): SiteController->run()
#4 C:\xampp\htdocs\yii-1.1.14\framework\web\CWebApplication.php(141): CWebApplication->runController()
#5 C:\xampp\htdocs\yii-1.1.14\framework\base\CApplication.php(180): CWebApplication->processRequest()
#6 C:\xampp\htdocs\newtime\index.php(13): CWebApplication->run()
REQUEST_URI=/newtime/index.php/site/readxml
in C:\xampp\htdocs\newtime\protected\controllers\SiteController.php (126)
in C:\xampp\htdocs\newtime\index.php (13)
2014/04/01 11:31:03 [error] [php] simplexml_load_string() [<a href='function.simplexml-load-string'>function.simplexml-load-string</a>]: Entity: line 15: parser error : Extra content at the end of the document (C:\xampp\htdocs\newtime\protected\controllers\SiteController.php:126)
Stack trace:
#0 C:\xampp\htdocs\yii-1.1.14\framework\web\CController.php(308): CInlineAction->runWithParams()
#1 C:\xampp\htdocs\yii-1.1.14\framework\web\CController.php(286): SiteController->runAction()
#2 C:\xampp\htdocs\yii-1.1.14\framework\web\CController.php(265): SiteController->runActionWithFilters()
#3 C:\xampp\htdocs\yii-1.1.14\framework\web\CWebApplication.php(282): SiteController->run()
#4 C:\xampp\htdocs\yii-1.1.14\framework\web\CWebApplication.php(141): CWebApplication->runController()
#5 C:\xampp\htdocs\yii-1.1.14\framework\base\CApplication.php(180): CWebApplication->processRequest()
#6 C:\xampp\htdocs\newtime\index.php(13): CWebApplication->run()
REQUEST_URI=/newtime/index.php/site/readxml
in C:\xampp\htdocs\newtime\protected\controllers\SiteController.php (126)
in C:\xampp\htdocs\newtime\index.php (13)
2014/04/01 11:32:00 [error] [php] simplexml_load_string() [<a href='function.simplexml-load-string'>function.simplexml-load-string</a>]: Entity: line 15: parser error : Extra content at the end of the document (C:\xampp\htdocs\newtime\protected\controllers\SiteController.php:126)
Stack trace:
#0 C:\xampp\htdocs\yii-1.1.14\framework\web\CController.php(308): CInlineAction->runWithParams()
#1 C:\xampp\htdocs\yii-1.1.14\framework\web\CController.php(286): SiteController->runAction()
#2 C:\xampp\htdocs\yii-1.1.14\framework\web\CController.php(265): SiteController->runActionWithFilters()
#3 C:\xampp\htdocs\yii-1.1.14\framework\web\CWebApplication.php(282): SiteController->run()
#4 C:\xampp\htdocs\yii-1.1.14\framework\web\CWebApplication.php(141): CWebApplication->runController()
#5 C:\xampp\htdocs\yii-1.1.14\framework\base\CApplication.php(180): CWebApplication->processRequest()
#6 C:\xampp\htdocs\newtime\index.php(13): CWebApplication->run()
REQUEST_URI=/newtime/index.php/site/readxml
in C:\xampp\htdocs\newtime\protected\controllers\SiteController.php (126)
in C:\xampp\htdocs\newtime\index.php (13)
2014/04/01 11:32:34 [error] [php] simplexml_load_string() [<a href='function.simplexml-load-string'>function.simplexml-load-string</a>]: Entity: line 15: parser error : Extra content at the end of the document (C:\xampp\htdocs\newtime\protected\controllers\SiteController.php:126)
Stack trace:
#0 C:\xampp\htdocs\yii-1.1.14\framework\web\CController.php(308): CInlineAction->runWithParams()
#1 C:\xampp\htdocs\yii-1.1.14\framework\web\CController.php(286): SiteController->runAction()
#2 C:\xampp\htdocs\yii-1.1.14\framework\web\CController.php(265): SiteController->runActionWithFilters()
#3 C:\xampp\htdocs\yii-1.1.14\framework\web\CWebApplication.php(282): SiteController->run()
#4 C:\xampp\htdocs\yii-1.1.14\framework\web\CWebApplication.php(141): CWebApplication->runController()
#5 C:\xampp\htdocs\yii-1.1.14\framework\base\CApplication.php(180): CWebApplication->processRequest()
#6 C:\xampp\htdocs\newtime\index.php(13): CWebApplication->run()
REQUEST_URI=/newtime/index.php/site/readxml
in C:\xampp\htdocs\newtime\protected\controllers\SiteController.php (126)
in C:\xampp\htdocs\newtime\index.php (13)
2014/04/01 11:36:12 [error] [php] simplexml_load_string() [<a href='function.simplexml-load-string'>function.simplexml-load-string</a>]: Entity: line 15: parser error : Extra content at the end of the document (C:\xampp\htdocs\newtime\protected\controllers\SiteController.php:126)
Stack trace:
#0 C:\xampp\htdocs\yii-1.1.14\framework\web\CController.php(308): CInlineAction->runWithParams()
#1 C:\xampp\htdocs\yii-1.1.14\framework\web\CController.php(286): SiteController->runAction()
#2 C:\xampp\htdocs\yii-1.1.14\framework\web\CController.php(265): SiteController->runActionWithFilters()
#3 C:\xampp\htdocs\yii-1.1.14\framework\web\CWebApplication.php(282): SiteController->run()
#4 C:\xampp\htdocs\yii-1.1.14\framework\web\CWebApplication.php(141): CWebApplication->runController()
#5 C:\xampp\htdocs\yii-1.1.14\framework\base\CApplication.php(180): CWebApplication->processRequest()
#6 C:\xampp\htdocs\newtime\index.php(13): CWebApplication->run()
REQUEST_URI=/newtime/index.php/site/readxml
in C:\xampp\htdocs\newtime\protected\controllers\SiteController.php (126)
in C:\xampp\htdocs\newtime\index.php (13)
2014/04/01 11:37:10 [error] [php] simplexml_load_string() [<a href='function.simplexml-load-string'>function.simplexml-load-string</a>]: Entity: line 15: parser error : Extra content at the end of the document (C:\xampp\htdocs\newtime\protected\controllers\SiteController.php:126)
Stack trace:
#0 C:\xampp\htdocs\yii-1.1.14\framework\web\CController.php(308): CInlineAction->runWithParams()
#1 C:\xampp\htdocs\yii-1.1.14\framework\web\CController.php(286): SiteController->runAction()
#2 C:\xampp\htdocs\yii-1.1.14\framework\web\CController.php(265): SiteController->runActionWithFilters()
#3 C:\xampp\htdocs\yii-1.1.14\framework\web\CWebApplication.php(282): SiteController->run()
#4 C:\xampp\htdocs\yii-1.1.14\framework\web\CWebApplication.php(141): CWebApplication->runController()
#5 C:\xampp\htdocs\yii-1.1.14\framework\base\CApplication.php(180): CWebApplication->processRequest()
#6 C:\xampp\htdocs\newtime\index.php(13): CWebApplication->run()
REQUEST_URI=/newtime/index.php/site/readxml
in C:\xampp\htdocs\newtime\protected\controllers\SiteController.php (126)
in C:\xampp\htdocs\newtime\index.php (13)
2014/04/01 11:38:18 [error] [php] simplexml_load_string() [<a href='function.simplexml-load-string'>function.simplexml-load-string</a>]: Entity: line 23: parser error : Premature end of data in tag abc line 23 (C:\xampp\htdocs\newtime\protected\controllers\SiteController.php:126)
Stack trace:
#0 C:\xampp\htdocs\yii-1.1.14\framework\web\CController.php(308): CInlineAction->runWithParams()
#1 C:\xampp\htdocs\yii-1.1.14\framework\web\CController.php(286): SiteController->runAction()
#2 C:\xampp\htdocs\yii-1.1.14\framework\web\CController.php(265): SiteController->runActionWithFilters()
#3 C:\xampp\htdocs\yii-1.1.14\framework\web\CWebApplication.php(282): SiteController->run()
#4 C:\xampp\htdocs\yii-1.1.14\framework\web\CWebApplication.php(141): CWebApplication->runController()
#5 C:\xampp\htdocs\yii-1.1.14\framework\base\CApplication.php(180): CWebApplication->processRequest()
#6 C:\xampp\htdocs\newtime\index.php(13): CWebApplication->run()
REQUEST_URI=/newtime/index.php/site/readxml
in C:\xampp\htdocs\newtime\protected\controllers\SiteController.php (126)
in C:\xampp\htdocs\newtime\index.php (13)
2014/04/01 11:38:29 [error] [php] simplexml_load_string() [<a href='function.simplexml-load-string'>function.simplexml-load-string</a>]: Entity: line 17: parser error : Premature end of data in tag abc line 17 (C:\xampp\htdocs\newtime\protected\controllers\SiteController.php:126)
Stack trace:
#0 C:\xampp\htdocs\yii-1.1.14\framework\web\CController.php(308): CInlineAction->runWithParams()
#1 C:\xampp\htdocs\yii-1.1.14\framework\web\CController.php(286): SiteController->runAction()
#2 C:\xampp\htdocs\yii-1.1.14\framework\web\CController.php(265): SiteController->runActionWithFilters()
#3 C:\xampp\htdocs\yii-1.1.14\framework\web\CWebApplication.php(282): SiteController->run()
#4 C:\xampp\htdocs\yii-1.1.14\framework\web\CWebApplication.php(141): CWebApplication->runController()
#5 C:\xampp\htdocs\yii-1.1.14\framework\base\CApplication.php(180): CWebApplication->processRequest()
#6 C:\xampp\htdocs\newtime\index.php(13): CWebApplication->run()
REQUEST_URI=/newtime/index.php/site/readxml
in C:\xampp\htdocs\newtime\protected\controllers\SiteController.php (126)
in C:\xampp\htdocs\newtime\index.php (13)
2014/04/01 14:12:25 [error] [php] file_get_contents(http://www.24h.com.vn/upload/rss/tintuctrongngay) [<a href='function.file-get-contents'>function.file-get-contents</a>]: failed to open stream: HTTP request failed! HTTP/1.1 404 Not Found
 (C:\xampp\htdocs\newtime\protected\controllers\SiteController.php:120)
Stack trace:
#0 C:\xampp\htdocs\yii-1.1.14\framework\web\CController.php(308): CInlineAction->runWithParams()
#1 C:\xampp\htdocs\yii-1.1.14\framework\web\CController.php(286): SiteController->runAction()
#2 C:\xampp\htdocs\yii-1.1.14\framework\web\CController.php(265): SiteController->runActionWithFilters()
#3 C:\xampp\htdocs\yii-1.1.14\framework\web\CWebApplication.php(282): SiteController->run()
#4 C:\xampp\htdocs\yii-1.1.14\framework\web\CWebApplication.php(141): CWebApplication->runController()
#5 C:\xampp\htdocs\yii-1.1.14\framework\base\CApplication.php(180): CWebApplication->processRequest()
#6 C:\xampp\htdocs\newtime\index.php(13): CWebApplication->run()
REQUEST_URI=/newtime/index.php/site/readxml
in C:\xampp\htdocs\newtime\protected\controllers\SiteController.php (120)
in C:\xampp\htdocs\newtime\index.php (13)
2014/04/01 14:16:05 [error] [php] file_get_contents(http://www.24h.com.vn/upload/rss/tintuctrongngay) [<a href='function.file-get-contents'>function.file-get-contents</a>]: failed to open stream: HTTP request failed! HTTP/1.1 404 Not Found
 (C:\xampp\htdocs\newtime\protected\controllers\SiteController.php:120)
Stack trace:
#0 C:\xampp\htdocs\yii-1.1.14\framework\web\CController.php(308): CInlineAction->runWithParams()
#1 C:\xampp\htdocs\yii-1.1.14\framework\web\CController.php(286): SiteController->runAction()
#2 C:\xampp\htdocs\yii-1.1.14\framework\web\CController.php(265): SiteController->runActionWithFilters()
#3 C:\xampp\htdocs\yii-1.1.14\framework\web\CWebApplication.php(282): SiteController->run()
#4 C:\xampp\htdocs\yii-1.1.14\framework\web\CWebApplication.php(141): CWebApplication->runController()
#5 C:\xampp\htdocs\yii-1.1.14\framework\base\CApplication.php(180): CWebApplication->processRequest()
#6 C:\xampp\htdocs\newtime\index.php(13): CWebApplication->run()
REQUEST_URI=/newtime/index.php/site/readxml
in C:\xampp\htdocs\newtime\protected\controllers\SiteController.php (120)
in C:\xampp\htdocs\newtime\index.php (13)
2014/04/01 14:16:46 [error] [php] file_get_contents(http://www.24h.com.vn/upload/rss/tintuctrongngay) [<a href='function.file-get-contents'>function.file-get-contents</a>]: failed to open stream: HTTP request failed! HTTP/1.1 404 Not Found
 (C:\xampp\htdocs\newtime\protected\controllers\SiteController.php:125)
Stack trace:
#0 C:\xampp\htdocs\yii-1.1.14\framework\web\CController.php(308): CInlineAction->runWithParams()
#1 C:\xampp\htdocs\yii-1.1.14\framework\web\CController.php(286): SiteController->runAction()
#2 C:\xampp\htdocs\yii-1.1.14\framework\web\CController.php(265): SiteController->runActionWithFilters()
#3 C:\xampp\htdocs\yii-1.1.14\framework\web\CWebApplication.php(282): SiteController->run()
#4 C:\xampp\htdocs\yii-1.1.14\framework\web\CWebApplication.php(141): CWebApplication->runController()
#5 C:\xampp\htdocs\yii-1.1.14\framework\base\CApplication.php(180): CWebApplication->processRequest()
#6 C:\xampp\htdocs\newtime\index.php(13): CWebApplication->run()
REQUEST_URI=/newtime/index.php/site/readxml
in C:\xampp\htdocs\newtime\protected\controllers\SiteController.php (125)
in C:\xampp\htdocs\newtime\index.php (13)
2014/04/01 14:27:30 [error] [php] file_get_contents(http://www.24h.com.vn/upload/rss/tintuctrongngay) [<a href='function.file-get-contents'>function.file-get-contents</a>]: failed to open stream: HTTP request failed! HTTP/1.1 404 Not Found
 (C:\xampp\htdocs\newtime\protected\controllers\SiteController.php:120)
Stack trace:
#0 C:\xampp\htdocs\yii-1.1.14\framework\web\CController.php(308): CInlineAction->runWithParams()
#1 C:\xampp\htdocs\yii-1.1.14\framework\web\CController.php(286): SiteController->runAction()
#2 C:\xampp\htdocs\yii-1.1.14\framework\web\CController.php(265): SiteController->runActionWithFilters()
#3 C:\xampp\htdocs\yii-1.1.14\framework\web\CWebApplication.php(282): SiteController->run()
#4 C:\xampp\htdocs\yii-1.1.14\framework\web\CWebApplication.php(141): CWebApplication->runController()
#5 C:\xampp\htdocs\yii-1.1.14\framework\base\CApplication.php(180): CWebApplication->processRequest()
#6 C:\xampp\htdocs\newtime\index.php(13): CWebApplication->run()
REQUEST_URI=/newtime/index.php/site/readxml
in C:\xampp\htdocs\newtime\protected\controllers\SiteController.php (120)
in C:\xampp\htdocs\newtime\index.php (13)
2014/04/01 14:32:44 [error] [php] fopen() expects at least 2 parameters, 1 given (C:\xampp\htdocs\newtime\protected\controllers\SiteController.php:121)
Stack trace:
#0 C:\xampp\htdocs\yii-1.1.14\framework\web\CController.php(308): CInlineAction->runWithParams()
#1 C:\xampp\htdocs\yii-1.1.14\framework\web\CController.php(286): SiteController->runAction()
#2 C:\xampp\htdocs\yii-1.1.14\framework\web\CController.php(265): SiteController->runActionWithFilters()
#3 C:\xampp\htdocs\yii-1.1.14\framework\web\CWebApplication.php(282): SiteController->run()
#4 C:\xampp\htdocs\yii-1.1.14\framework\web\CWebApplication.php(141): CWebApplication->runController()
#5 C:\xampp\htdocs\yii-1.1.14\framework\base\CApplication.php(180): CWebApplication->processRequest()
#6 C:\xampp\htdocs\newtime\index.php(13): CWebApplication->run()
REQUEST_URI=/newtime/index.php/site/readxml
in C:\xampp\htdocs\newtime\protected\controllers\SiteController.php (121)
in C:\xampp\htdocs\newtime\index.php (13)
2014/04/01 14:33:35 [error] [php] fopen() expects at least 2 parameters, 1 given (C:\xampp\htdocs\newtime\protected\controllers\SiteController.php:121)
Stack trace:
#0 C:\xampp\htdocs\yii-1.1.14\framework\web\CController.php(308): CInlineAction->runWithParams()
#1 C:\xampp\htdocs\yii-1.1.14\framework\web\CController.php(286): SiteController->runAction()
#2 C:\xampp\htdocs\yii-1.1.14\framework\web\CController.php(265): SiteController->runActionWithFilters()
#3 C:\xampp\htdocs\yii-1.1.14\framework\web\CWebApplication.php(282): SiteController->run()
#4 C:\xampp\htdocs\yii-1.1.14\framework\web\CWebApplication.php(141): CWebApplication->runController()
#5 C:\xampp\htdocs\yii-1.1.14\framework\base\CApplication.php(180): CWebApplication->processRequest()
#6 C:\xampp\htdocs\newtime\index.php(13): CWebApplication->run()
REQUEST_URI=/newtime/index.php/site/readxml
in C:\xampp\htdocs\newtime\protected\controllers\SiteController.php (121)
in C:\xampp\htdocs\newtime\index.php (13)
2014/04/01 14:33:57 [error] [php] fopen(http://www.24h.com.vn/upload/rss/tintuctrongngay) [<a href='function.fopen'>function.fopen</a>]: failed to open stream: HTTP request failed! HTTP/1.1 404 Not Found
 (C:\xampp\htdocs\newtime\protected\controllers\SiteController.php:121)
Stack trace:
#0 C:\xampp\htdocs\yii-1.1.14\framework\web\CController.php(308): CInlineAction->runWithParams()
#1 C:\xampp\htdocs\yii-1.1.14\framework\web\CController.php(286): SiteController->runAction()
#2 C:\xampp\htdocs\yii-1.1.14\framework\web\CController.php(265): SiteController->runActionWithFilters()
#3 C:\xampp\htdocs\yii-1.1.14\framework\web\CWebApplication.php(282): SiteController->run()
#4 C:\xampp\htdocs\yii-1.1.14\framework\web\CWebApplication.php(141): CWebApplication->runController()
#5 C:\xampp\htdocs\yii-1.1.14\framework\base\CApplication.php(180): CWebApplication->processRequest()
#6 C:\xampp\htdocs\newtime\index.php(13): CWebApplication->run()
REQUEST_URI=/newtime/index.php/site/readxml
in C:\xampp\htdocs\newtime\protected\controllers\SiteController.php (121)
in C:\xampp\htdocs\newtime\index.php (13)
2014/04/01 14:34:07 [error] [php] fopen(http://www.24h.com.vn/upload/rss/tintuctrongngay) [<a href='function.fopen'>function.fopen</a>]: failed to open stream: HTTP request failed! HTTP/1.1 404 Not Found
 (C:\xampp\htdocs\newtime\protected\controllers\SiteController.php:121)
Stack trace:
#0 C:\xampp\htdocs\yii-1.1.14\framework\web\CController.php(308): CInlineAction->runWithParams()
#1 C:\xampp\htdocs\yii-1.1.14\framework\web\CController.php(286): SiteController->runAction()
#2 C:\xampp\htdocs\yii-1.1.14\framework\web\CController.php(265): SiteController->runActionWithFilters()
#3 C:\xampp\htdocs\yii-1.1.14\framework\web\CWebApplication.php(282): SiteController->run()
#4 C:\xampp\htdocs\yii-1.1.14\framework\web\CWebApplication.php(141): CWebApplication->runController()
#5 C:\xampp\htdocs\yii-1.1.14\framework\base\CApplication.php(180): CWebApplication->processRequest()
#6 C:\xampp\htdocs\newtime\index.php(13): CWebApplication->run()
REQUEST_URI=/newtime/index.php/site/readxml
in C:\xampp\htdocs\newtime\protected\controllers\SiteController.php (121)
in C:\xampp\htdocs\newtime\index.php (13)
2014/04/01 14:34:54 [error] [php] fopen(http://www.24h.com.vn/upload/rss/tintuctrongngay) [<a href='function.fopen'>function.fopen</a>]: failed to open stream: HTTP request failed! HTTP/1.1 404 Not Found
 (C:\xampp\htdocs\newtime\protected\controllers\SiteController.php:121)
Stack trace:
#0 C:\xampp\htdocs\yii-1.1.14\framework\web\CController.php(308): CInlineAction->runWithParams()
#1 C:\xampp\htdocs\yii-1.1.14\framework\web\CController.php(286): SiteController->runAction()
#2 C:\xampp\htdocs\yii-1.1.14\framework\web\CController.php(265): SiteController->runActionWithFilters()
#3 C:\xampp\htdocs\yii-1.1.14\framework\web\CWebApplication.php(282): SiteController->run()
#4 C:\xampp\htdocs\yii-1.1.14\framework\web\CWebApplication.php(141): CWebApplication->runController()
#5 C:\xampp\htdocs\yii-1.1.14\framework\base\CApplication.php(180): CWebApplication->processRequest()
#6 C:\xampp\htdocs\newtime\index.php(13): CWebApplication->run()
REQUEST_URI=/newtime/index.php/site/readxml
in C:\xampp\htdocs\newtime\protected\controllers\SiteController.php (121)
in C:\xampp\htdocs\newtime\index.php (13)
2014/04/01 14:41:44 [error] [php] fopen(http://www.24h.com.vn/upload/rss/tintuctrongngay) [<a href='function.fopen'>function.fopen</a>]: failed to open stream: HTTP request failed! HTTP/1.1 404 Not Found
 (C:\xampp\htdocs\newtime\protected\controllers\SiteController.php:121)
Stack trace:
#0 C:\xampp\htdocs\yii-1.1.14\framework\web\CController.php(308): CInlineAction->runWithParams()
#1 C:\xampp\htdocs\yii-1.1.14\framework\web\CController.php(286): SiteController->runAction()
#2 C:\xampp\htdocs\yii-1.1.14\framework\web\CController.php(265): SiteController->runActionWithFilters()
#3 C:\xampp\htdocs\yii-1.1.14\framework\web\CWebApplication.php(282): SiteController->run()
#4 C:\xampp\htdocs\yii-1.1.14\framework\web\CWebApplication.php(141): CWebApplication->runController()
#5 C:\xampp\htdocs\yii-1.1.14\framework\base\CApplication.php(180): CWebApplication->processRequest()
#6 C:\xampp\htdocs\newtime\index.php(13): CWebApplication->run()
REQUEST_URI=/newtime/index.php/site/readxml
in C:\xampp\htdocs\newtime\protected\controllers\SiteController.php (121)
in C:\xampp\htdocs\newtime\index.php (13)
2014/04/01 15:12:37 [error] [php] fopen(http://www.24h.com.vn/upload/rss/tintuctrongngay) [<a href='function.fopen'>function.fopen</a>]: failed to open stream: HTTP request failed! HTTP/1.1 404 Not Found
 (C:\xampp\htdocs\newtime\protected\components\XmlMgrComponent.php:7)
Stack trace:
#0 C:\xampp\htdocs\yii-1.1.14\framework\web\actions\CInlineAction.php(49): SiteController->actionReadXml()
#1 C:\xampp\htdocs\yii-1.1.14\framework\web\CController.php(308): CInlineAction->runWithParams()
#2 C:\xampp\htdocs\yii-1.1.14\framework\web\CController.php(286): SiteController->runAction()
#3 C:\xampp\htdocs\yii-1.1.14\framework\web\CController.php(265): SiteController->runActionWithFilters()
#4 C:\xampp\htdocs\yii-1.1.14\framework\web\CWebApplication.php(282): SiteController->run()
#5 C:\xampp\htdocs\yii-1.1.14\framework\web\CWebApplication.php(141): CWebApplication->runController()
#6 C:\xampp\htdocs\yii-1.1.14\framework\base\CApplication.php(180): CWebApplication->processRequest()
#7 C:\xampp\htdocs\newtime\index.php(13): CWebApplication->run()
REQUEST_URI=/newtime/index.php/site/readxml
in C:\xampp\htdocs\newtime\protected\components\XmlMgrComponent.php (7)
in C:\xampp\htdocs\newtime\protected\controllers\SiteController.php (118)
in C:\xampp\htdocs\newtime\index.php (13)
